<?xml version="1.0" encoding="UTF-8"?>
<testsuite xmlns:xsi="http://www.w3.org/2001/XMLSchema-instance" xsi:noNamespaceSchemaLocation="https://maven.apache.org/surefire/maven-surefire-plugin/xsd/surefire-test-report.xsd" name="org.curieo.embed.SentenceEmbeddingServiceTests" time="0.003" tests="1" errors="0" skipped="1" failures="0">
  <properties>
[...]
</properties>
  <testcase name="testOnce" classname="org.curieo.embed.SentenceEmbeddingServiceTests" time="0">
    <skipped message="void org.curieo.embed.SentenceEmbeddingServiceTests.testOnce() is @Disabled"/>
  </testcase>
</testsuite>